<?xml version="1.0" encoding="UTF-8"?>
<testsuites>
  <testsuite name="/home/inman/packages/features/phpunit.xml" tests="7" assertions="29" errors="0" failures="0" skipped="0" time="0.307626">
    <testsuite name="Package Test Suite" tests="7" assertions="29" errors="0" failures="0" skipped="0" time="0.307626">
      <testsuite name="Tests\Feature\FeatureResetCommandTest" file="tests/Feature/FeatureResetCommandTest.php" tests="7" assertions="29" errors="0" failures="0" skipped="0" time="0.307626">
        <testcase name="it can reset all when no data exists" file="tests/Feature/FeatureResetCommandTest.php::it can reset all when no data exists" class="Tests\Feature\FeatureResetCommandTest" classname="Tests.Feature.FeatureResetCommandTest" assertions="3" time="0.161348"/>
        <testcase name="it can reset using FeatureRegistry directly" file="tests/Feature/FeatureResetCommandTest.php::it can reset using FeatureRegistry directly" class="Tests\Feature\FeatureResetCommandTest" classname="Tests.Feature.FeatureResetCommandTest" assertions="5" time="0.023354"/>
        <testcase name="it tests command with explicit feature and scope options" file="tests/Feature/FeatureResetCommandTest.php::it tests command with explicit feature and scope options" class="Tests\Feature\FeatureResetCommandTest" classname="Tests.Feature.FeatureResetCommandTest" assertions="5" time="0.024885"/>
        <testcase name="it can reset a specific feature for a specific scope" file="tests/Feature/FeatureResetCommandTest.php::it can reset a specific feature for a specific scope" class="Tests\Feature\FeatureResetCommandTest" classname="Tests.Feature.FeatureResetCommandTest" assertions="7" time="0.025275"/>
        <testcase name="it handles empty database gracefully" file="tests/Feature/FeatureResetCommandTest.php::it handles empty database gracefully" class="Tests\Feature\FeatureResetCommandTest" classname="Tests.Feature.FeatureResetCommandTest" assertions="3" time="0.023394"/>
        <testcase name="it handles non-existent scope gracefully" file="tests/Feature/FeatureResetCommandTest.php::it handles non-existent scope gracefully" class="Tests\Feature\FeatureResetCommandTest" classname="Tests.Feature.FeatureResetCommandTest" assertions="3" time="0.024353"/>
        <testcase name="it handles non-existent feature gracefully" file="tests/Feature/FeatureResetCommandTest.php::it handles non-existent feature gracefully" class="Tests\Feature\FeatureResetCommandTest" classname="Tests.Feature.FeatureResetCommandTest" assertions="3" time="0.025018"/>
      </testsuite>
    </testsuite>
  </testsuite>
</testsuites>
